[2026-04-13T18:02:09.154+0000] {local_task_job_runner.py:120} INFO - ::group::Pre task execution logs
[2026-04-13T18:02:09.246+0000] {taskinstance.py:2076} INFO - Dependencies all met for dep_context=non-requeueable deps ti=<TaskInstance: flights_ops_medallion_pipe.bronze_ingest manual__2026-04-13T18:02:00.466142+00:00 [queued]>
[2026-04-13T18:02:09.270+0000] {taskinstance.py:2076} INFO - Dependencies all met for dep_context=requeueable deps ti=<TaskInstance: flights_ops_medallion_pipe.bronze_ingest manual__2026-04-13T18:02:00.466142+00:00 [queued]>
[2026-04-13T18:02:09.272+0000] {taskinstance.py:2306} INFO - Starting attempt 1 of 1
[2026-04-13T18:02:09.305+0000] {taskinstance.py:2330} INFO - Executing <Task(PythonOperator): bronze_ingest> on 2026-04-13 18:02:00.466142+00:00
[2026-04-13T18:02:09.328+0000] {standard_task_runner.py:64} INFO - Started process 92 to run task
[2026-04-13T18:02:09.335+0000] {standard_task_runner.py:90} INFO - Running: ['airflow', 'tasks', 'run', '***_ops_medallion_pipe', 'bronze_ingest', 'manual__2026-04-13T18:02:00.466142+00:00', '--job-id', '4', '--raw', '--subdir', 'DAGS_FOLDER/***_pipline.py', '--cfg-path', '/tmp/tmpeq3459jz']
[2026-04-13T18:02:09.346+0000] {standard_task_runner.py:91} INFO - Job 4: Subtask bronze_ingest
[2026-04-13T18:02:09.567+0000] {task_command.py:426} INFO - Running <TaskInstance: flights_ops_medallion_pipe.bronze_ingest manual__2026-04-13T18:02:00.466142+00:00 [running]> on host 0841da137e0f
[2026-04-13T18:02:09.843+0000] {taskinstance.py:2648} INFO - Exporting env vars: AIRFLOW_CTX_DAG_OWNER='airflow' AIRFLOW_CTX_DAG_ID='***_ops_medallion_pipe' AIRFLOW_CTX_TASK_ID='bronze_ingest' AIRFLOW_CTX_EXECUTION_DATE='2026-04-13T18:02:00.466142+00:00' AIRFLOW_CTX_TRY_NUMBER='1' AIRFLOW_CTX_DAG_RUN_ID='manual__2026-04-13T18:02:00.466142+00:00'
[2026-04-13T18:02:09.845+0000] {taskinstance.py:430} INFO - ::endgroup::
[2026-04-13T18:02:11.584+0000] {taskinstance.py:441} INFO - ::group::Post task execution logs
[2026-04-13T18:02:11.586+0000] {taskinstance.py:2905} ERROR - Task failed with exception
Traceback (most recent call last):
  File "/home/airflow/.local/lib/python3.12/site-packages/airflow/models/taskinstance.py", line 465, in _execute_task
    result = _execute_callable(context=context, **execute_callable_kwargs)
             ^^^^^^^^^^^^^^^^^^^^^^^^^^^^^^^^^^^^^^^^^^^^^^^^^^^^^^^^^^^^^
  File "/home/airflow/.local/lib/python3.12/site-packages/airflow/models/taskinstance.py", line 432, in _execute_callable
    return execute_callable(context=context, **execute_callable_kwargs)
           ^^^^^^^^^^^^^^^^^^^^^^^^^^^^^^^^^^^^^^^^^^^^^^^^^^^^^^^^^^^^
  File "/home/airflow/.local/lib/python3.12/site-packages/airflow/models/baseoperator.py", line 401, in wrapper
    return func(self, *args, **kwargs)
           ^^^^^^^^^^^^^^^^^^^^^^^^^^^
  File "/home/airflow/.local/lib/python3.12/site-packages/airflow/operators/python.py", line 235, in execute
    return_value = self.execute_callable()
                   ^^^^^^^^^^^^^^^^^^^^^^^
  File "/home/airflow/.local/lib/python3.12/site-packages/airflow/operators/python.py", line 252, in execute_callable
    return self.python_callable(*self.op_args, **self.op_kwargs)
           ^^^^^^^^^^^^^^^^^^^^^^^^^^^^^^^^^^^^^^^^^^^^^^^^^^^^^
  File "/opt/airflow/scripts/bronze_ingest.py", line 23, in run_bronze_ingest
    with open(path, "w") as f:
         ^^^^^^^^^^^^^^^
FileNotFoundError: [Errno 2] No such file or directory: '/opt/airflow/bronze/flights_2026-04-13 18:02:11.json'
[2026-04-13T18:02:11.631+0000] {taskinstance.py:1206} INFO - Marking task as FAILED. dag_id=***_ops_medallion_pipe, task_id=bronze_ingest, run_id=manual__2026-04-13T18:02:00.466142+00:00, execution_date=20260413T180200, start_date=20260413T180209, end_date=20260413T180211
[2026-04-13T18:02:11.669+0000] {standard_task_runner.py:110} ERROR - Failed to execute job 4 for task bronze_ingest ([Errno 2] No such file or directory: '/opt/airflow/bronze/flights_2026-04-13 18:02:11.json'; 92)
[2026-04-13T18:02:11.736+0000] {local_task_job_runner.py:243} INFO - Task exited with return code 1
[2026-04-13T18:02:11.780+0000] {taskinstance.py:3503} INFO - 0 downstream tasks scheduled from follow-on schedule check
[2026-04-13T18:02:11.785+0000] {local_task_job_runner.py:222} INFO - ::endgroup::
