[2026-04-13T19:24:23.713+0000] {local_task_job_runner.py:120} INFO - ::group::Pre task execution logs
[2026-04-13T19:24:23.784+0000] {taskinstance.py:2076} INFO - Dependencies all met for dep_context=non-requeueable deps ti=<TaskInstance: flights_ops_medallion_pipe.silver_transform manual__2026-04-13T19:24:01.621529+00:00 [queued]>
[2026-04-13T19:24:23.804+0000] {taskinstance.py:2076} INFO - Dependencies all met for dep_context=requeueable deps ti=<TaskInstance: flights_ops_medallion_pipe.silver_transform manual__2026-04-13T19:24:01.621529+00:00 [queued]>
[2026-04-13T19:24:23.806+0000] {taskinstance.py:2306} INFO - Starting attempt 1 of 1
[2026-04-13T19:24:23.842+0000] {taskinstance.py:2330} INFO - Executing <Task(PythonOperator): silver_transform> on 2026-04-13 19:24:01.621529+00:00
[2026-04-13T19:24:23.866+0000] {standard_task_runner.py:90} INFO - Running: ['airflow', 'tasks', 'run', '***_ops_medallion_pipe', 'silver_transform', 'manual__2026-04-13T19:24:01.621529+00:00', '--job-id', '11', '--raw', '--subdir', 'DAGS_FOLDER/***_pipline.py', '--cfg-path', '/tmp/tmpurebe455']
[2026-04-13T19:24:23.872+0000] {standard_task_runner.py:91} INFO - Job 11: Subtask silver_transform
[2026-04-13T19:24:23.873+0000] {logging_mixin.py:188} WARNING - /home/airflow/.local/lib/python3.12/site-packages/airflow/task/task_runner/standard_task_runner.py:62 DeprecationWarning: This process (pid=294) is multi-threaded, use of fork() may lead to deadlocks in the child.
[2026-04-13T19:24:23.874+0000] {standard_task_runner.py:64} INFO - Started process 305 to run task
[2026-04-13T19:24:24.018+0000] {task_command.py:426} INFO - Running <TaskInstance: flights_ops_medallion_pipe.silver_transform manual__2026-04-13T19:24:01.621529+00:00 [running]> on host 0841da137e0f
[2026-04-13T19:24:24.340+0000] {taskinstance.py:2648} INFO - Exporting env vars: AIRFLOW_CTX_DAG_OWNER='airflow' AIRFLOW_CTX_DAG_ID='***_ops_medallion_pipe' AIRFLOW_CTX_TASK_ID='silver_transform' AIRFLOW_CTX_EXECUTION_DATE='2026-04-13T19:24:01.621529+00:00' AIRFLOW_CTX_TRY_NUMBER='1' AIRFLOW_CTX_DAG_RUN_ID='manual__2026-04-13T19:24:01.621529+00:00'
[2026-04-13T19:24:24.343+0000] {taskinstance.py:430} INFO - ::endgroup::
[2026-04-13T19:24:24.556+0000] {taskinstance.py:441} INFO - ::group::Post task execution logs
[2026-04-13T19:24:24.558+0000] {taskinstance.py:2905} ERROR - Task failed with exception
Traceback (most recent call last):
  File "/home/airflow/.local/lib/python3.12/site-packages/airflow/models/taskinstance.py", line 465, in _execute_task
    result = _execute_callable(context=context, **execute_callable_kwargs)
             ^^^^^^^^^^^^^^^^^^^^^^^^^^^^^^^^^^^^^^^^^^^^^^^^^^^^^^^^^^^^^
  File "/home/airflow/.local/lib/python3.12/site-packages/airflow/models/taskinstance.py", line 432, in _execute_callable
    return execute_callable(context=context, **execute_callable_kwargs)
           ^^^^^^^^^^^^^^^^^^^^^^^^^^^^^^^^^^^^^^^^^^^^^^^^^^^^^^^^^^^^
  File "/home/airflow/.local/lib/python3.12/site-packages/airflow/models/baseoperator.py", line 401, in wrapper
    return func(self, *args, **kwargs)
           ^^^^^^^^^^^^^^^^^^^^^^^^^^^
  File "/home/airflow/.local/lib/python3.12/site-packages/airflow/operators/python.py", line 235, in execute
    return_value = self.execute_callable()
                   ^^^^^^^^^^^^^^^^^^^^^^^
  File "/home/airflow/.local/lib/python3.12/site-packages/airflow/operators/python.py", line 252, in execute_callable
    return self.python_callable(*self.op_args, **self.op_kwargs)
           ^^^^^^^^^^^^^^^^^^^^^^^^^^^^^^^^^^^^^^^^^^^^^^^^^^^^^
  File "/opt/airflow/scripts/silver_transform.py", line 21, in run_silver_transform
    df_raw = pd.DataFrame(raw["states"], columns=raw["columns"])
                                                 ~~~^^^^^^^^^^^
KeyError: 'columns'
[2026-04-13T19:24:24.594+0000] {taskinstance.py:1206} INFO - Marking task as FAILED. dag_id=***_ops_medallion_pipe, task_id=silver_transform, run_id=manual__2026-04-13T19:24:01.621529+00:00, execution_date=20260413T192401, start_date=20260413T192423, end_date=20260413T192424
[2026-04-13T19:24:24.623+0000] {standard_task_runner.py:110} ERROR - Failed to execute job 11 for task silver_transform ('columns'; 305)
[2026-04-13T19:24:24.659+0000] {local_task_job_runner.py:243} INFO - Task exited with return code 1
[2026-04-13T19:24:24.700+0000] {taskinstance.py:3503} INFO - 0 downstream tasks scheduled from follow-on schedule check
[2026-04-13T19:24:24.704+0000] {local_task_job_runner.py:222} INFO - ::endgroup::
